C51 COMPILER V8.02   LCD                                                                   02/22/2016 09:53:09 PAGE 1   


C51 COMPILER V8.02, COMPILATION OF MODULE LCD
OBJECT MODULE PLACED IN lcd.OBJ
COMPILER INVOKED BY: C:\Keil\C51\BIN\C51.EXE lcd.c OPTIMIZE(SIZE) BROWSE DEBUG OBJECTEXTEND

line level    source

   1          #include<reg51.h>               
   2          #include"lcd.h"
   3          #include"serial.h"
   4          
   5           void lcd_init()     //Function to inisialize the LCD
   6          {
   7   1      
   8   1                      lcd_cmd1(0x03);
   9   1      
  10   1                              delay(5);
  11   1                      lcd_cmd1(0x03);
  12   1                              delay(5);
  13   1                      lcd_cmd1(0x03);
  14   1                              delay(5);
  15   1                      lcd_cmd1(0x02);
  16   1                              delay(5);//     Set for 4-bit LCD mode
  17   1              lcd_cmd1(0x28);//       Set for 4-bit LCD mode
  18   1                              delay(5);
  19   1                      lcd_cmd1(0x08);//       Turn display off
  20   1                              delay(5);
  21   1                      lcd_cmd1(0x01);//Clear Disp Screen
  22   1                              delay(5);
  23   1                      lcd_cmd1(0x0c);//       Turn on display
  24   1                              delay(5);
  25   1                      lcd_cmd1(0x80);
  26   1                          delay(5);
  27   1        
  28   1      
  29   1      }
  30          void lcd_clr(void)
  31           {
  32   1              lcd_cmd1(0x01);
  33   1       }
  34          
  35          
  36          void lcd_cmd(unsigned char comm) // function to send command to LCD
  37          {
  38   1          
  39   1              lcd_data_pin=comm;
  40   1              en=1;
  41   1              rs=0;
  42   1              rw=0;
  43   1              delay(1);
  44   1              en=0;
  45   1      }
  46          
  47          void lcd_cmd1(unsigned char value)      // function to send command to LCD in 4 bit mode
  48          {
  49   1              
  50   1              unsigned char temp;
  51   1              P2=0x00;                                // set P2 as o/p port as ctrl lines on port P2
  52   1              
  53   1              temp =value & 0xf0;
  54   1              temp =((temp>>1) & 0x78);                 //send higher nibble 
  55   1              
C51 COMPILER V8.02   LCD                                                                   02/22/2016 09:53:09 PAGE 2   

  56   1              lcd_cmd(temp);
  57   1              temp=(value & 0x0f);
  58   1              temp=((temp<<3) & 0x78);                  //send lower nibble 
  59   1      
  60   1      
  61   1              
  62   1              lcd_cmd(temp);
  63   1      }
  64          
  65          
  66          
  67          
  68          
  69          void lcd_data(unsigned char disp)    // function to send data on LCD
  70          {
  71   1              
  72   1              lcd_data_pin=disp;
  73   1              en=1;
  74   1              rs=1;
  75   1              rw=0;
  76   1              delay(1);
  77   1              en=0;
  78   1      }
  79          
  80          
  81          
  82          
  83          void lcd_data1(unsigned char value)                      // function to send data to LCD in 4 bit mode
  84          {
  85   1          
  86   1              unsigned char temp;
  87   1              P2=0x00;
  88   1              
  89   1              temp =value & 0xf0;
  90   1              temp =((temp>>1) & 0x78);
  91   1              
  92   1              lcd_data(temp);
  93   1              temp=(value & 0x0f);
  94   1              temp=((temp<<3) & 0x78);
  95   1      
  96   1      
  97   1              //temp= ((value<<4) & 0xf0);
  98   1              
  99   1              lcd_data(temp);
 100   1              
 101   1      }
 102          
 103          
 104          void lcd_datastr(unsigned char *disp)    // function to send string to LCD
 105          {
 106   1      //int x;
 107   1              while(*disp!='\0')
 108   1              {
 109   2                      lcd_data1(*disp);
 110   2                      disp++;
 111   2      
 112   2              }
 113   1      
 114   1      }
 115          
 116          void delay(unsigned int msec)    //delay function
 117          {
C51 COMPILER V8.02   LCD                                                                   02/22/2016 09:53:09 PAGE 3   

 118   1              int i,j;
 119   1              for(i=0;i<msec;i++)
 120   1              for(j=0;j<1275;j++);
 121   1      
 122   1      }
 123          
 124          
 125          
 126          
 127          void line2(void)
 128          {
 129   1              lcd_cmd1(0xc0);
 130   1      
 131   1      }
 132          


MODULE INFORMATION:   STATIC OVERLAYABLE
   CODE SIZE        =    253    ----
   CONSTANT SIZE    =   ----    ----
   XDATA SIZE       =   ----    ----
   PDATA SIZE       =   ----    ----
   DATA SIZE        =   ----       5
   IDATA SIZE       =   ----    ----
   BIT SIZE         =   ----    ----
END OF MODULE INFORMATION.


C51 COMPILATION COMPLETE.  0 WARNING(S),  0 ERROR(S)
