C51 COMPILER V8.02   SERIAL                                                                02/22/2016 09:53:09 PAGE 1   


C51 COMPILER V8.02, COMPILATION OF MODULE SERIAL
OBJECT MODULE PLACED IN serial.OBJ
COMPILER INVOKED BY: C:\Keil\C51\BIN\C51.EXE serial.c OPTIMIZE(SIZE) BROWSE DEBUG OBJECTEXTEND

line level    source

   1          #include<reg51.h>               
   2          #include"lcd.h"
   3          #include"serial.h"
   4          
   5          serial_init()
   6          {
   7   1              
   8   1              TMOD=0x20;
   9   1              TH1=0xFD;         //9600 BAUD RATE
  10   1              SCON=0x50;                //SERIAL PORT MODE 1, REN=1 SET BY S/W
  11   1              TR1=1;
  12   1      }
  13          
  14          unsigned char rx()
  15          {
  16   1                      unsigned char t;
  17   1                      while(RI==0);
  18   1                      t=SBUF;
  19   1                      RI=0;
  20   1                      return t;
  21   1      }
  22          
  23          
  24          
  25          void transmit(unsigned char value)  // Funtion to transmit serial data
  26          {
  27   1              SBUF = value;
  28   1              while(TI==0);
  29   1              delay(10);
  30   1              TI=0;
  31   1      }
  32          
  33          void transmit_str (unsigned char *senpoint)
  34          {
  35   1      
  36   1        while(*senpoint != '\0')            // While we havent seen a \0 (esc) go on
  37   1        {
  38   2          transmit(*senpoint);            // Send 1st char to our char function
  39   2          senpoint++;                     // Send next
  40   2        }
  41   1      
  42   1      }


MODULE INFORMATION:   STATIC OVERLAYABLE
   CODE SIZE        =     70    ----
   CONSTANT SIZE    =   ----    ----
   XDATA SIZE       =   ----    ----
   PDATA SIZE       =   ----    ----
   DATA SIZE        =   ----       3
   IDATA SIZE       =   ----    ----
   BIT SIZE         =   ----    ----
END OF MODULE INFORMATION.


C51 COMPILATION COMPLETE.  0 WARNING(S),  0 ERROR(S)
